[2020-07-29 20:30:15] main.INFO: 0 cron jobs were cleaned [] []
[2020-07-29 20:30:15] main.INFO: Cron Job catalog_product_outdated_price_values_cleanup is run [] []
[2020-07-29 20:30:15] main.INFO: Cron Job catalog_product_outdated_price_values_cleanup is successfully finished. Statistics: {"sum":0.00053787231445312,"count":1,"realmem":0,"emalloc":696,"realmem_start":54788096,"emalloc_start":50673128} [] []
[2020-07-29 20:30:15] main.INFO: Cron Job catalog_product_frontend_actions_flush is run [] []
[2020-07-29 20:30:15] main.INFO: Cron Job catalog_product_frontend_actions_flush is successfully finished. Statistics: {"sum":0.0010108947753906,"count":1,"realmem":0,"emalloc":1128,"realmem_start":54788096,"emalloc_start":50704920} [] []
[2020-07-29 20:30:15] main.INFO: Cron Job catalog_product_attribute_value_synchronize is run [] []
[2020-07-29 20:30:15] main.INFO: Cron Job catalog_product_attribute_value_synchronize is successfully finished. Statistics: {"sum":0.0012860298156738,"count":1,"realmem":0,"emalloc":25248,"realmem_start":54788096,"emalloc_start":50766960} [] []
[2020-07-29 20:30:15] main.INFO: Cron Job sales_grid_order_async_insert is run [] []
[2020-07-29 20:30:15] main.INFO: Cron Job sales_grid_order_async_insert is successfully finished. Statistics: {"sum":0.00049686431884766,"count":1,"realmem":0,"emalloc":752,"realmem_start":54788096,"emalloc_start":50902264} [] []
[2020-07-29 20:30:15] main.INFO: Cron Job sales_grid_order_invoice_async_insert is run [] []
[2020-07-29 20:30:15] main.INFO: Cron Job sales_grid_order_invoice_async_insert is successfully finished. Statistics: {"sum":0.00049400329589844,"count":1,"realmem":0,"emalloc":752,"realmem_start":54788096,"emalloc_start":50905776} [] []
[2020-07-29 20:30:15] main.INFO: Cron Job sales_grid_order_shipment_async_insert is run [] []
[2020-07-29 20:30:15] main.INFO: Cron Job sales_grid_order_shipment_async_insert is successfully finished. Statistics: {"sum":0.00043892860412598,"count":1,"realmem":0,"emalloc":752,"realmem_start":54788096,"emalloc_start":50908648} [] []
[2020-07-29 20:30:15] main.INFO: Cron Job sales_grid_order_creditmemo_async_insert is run [] []
[2020-07-29 20:30:15] main.INFO: Cron Job sales_grid_order_creditmemo_async_insert is successfully finished. Statistics: {"sum":0.00050592422485352,"count":1,"realmem":0,"emalloc":752,"realmem_start":54788096,"emalloc_start":50911520} [] []
[2020-07-29 20:30:16] main.INFO: Cron Job sales_send_order_emails is run [] []
[2020-07-29 20:30:16] main.INFO: Cron Job sales_send_order_emails is successfully finished. Statistics: {"sum":0.00053691864013672,"count":1,"realmem":0,"emalloc":776,"realmem_start":56885248,"emalloc_start":54185432} [] []
[2020-07-29 20:30:16] main.INFO: Cron Job sales_send_order_invoice_emails is run [] []
[2020-07-29 20:30:16] main.INFO: Cron Job sales_send_order_invoice_emails is successfully finished. Statistics: {"sum":0.00046396255493164,"count":1,"realmem":0,"emalloc":752,"realmem_start":56885248,"emalloc_start":54547040} [] []
[2020-07-29 20:30:16] main.INFO: Cron Job sales_send_order_shipment_emails is run [] []
[2020-07-29 20:30:16] main.INFO: Cron Job sales_send_order_shipment_emails is successfully finished. Statistics: {"sum":0.00055384635925293,"count":1,"realmem":0,"emalloc":776,"realmem_start":56885248,"emalloc_start":54931120} [] []
[2020-07-29 20:30:16] main.INFO: Cron Job sales_send_order_creditmemo_emails is run [] []
[2020-07-29 20:30:16] main.INFO: Cron Job sales_send_order_creditmemo_emails is successfully finished. Statistics: {"sum":0.00053906440734863,"count":1,"realmem":0,"emalloc":752,"realmem_start":58982400,"emalloc_start":55259784} [] []
[2020-07-29 20:30:16] main.INFO: Cron Job captcha_delete_old_attempts is run [] []
[2020-07-29 20:30:16] main.INFO: Cron Job captcha_delete_old_attempts is successfully finished. Statistics: {"sum":0.0010309219360352,"count":1,"realmem":0,"emalloc":26424,"realmem_start":58982400,"emalloc_start":55263592} [] []
[2020-07-29 20:30:16] main.INFO: Cron Job captcha_delete_expired_images is run [] []
[2020-07-29 20:30:16] main.INFO: Cron Job captcha_delete_expired_images is successfully finished. Statistics: {"sum":0.029082059860229,"count":1,"realmem":0,"emalloc":1074712,"realmem_start":58982400,"emalloc_start":55331320} [] []
[2020-07-29 20:30:16] main.INFO: Cron Job outdated_authentication_failures_cleanup is run [] []
[2020-07-29 20:30:16] main.INFO: Cron Job outdated_authentication_failures_cleanup is successfully finished. Statistics: {"sum":0.00071406364440918,"count":1,"realmem":0,"emalloc":1128,"realmem_start":58982400,"emalloc_start":56433328} [] []
[2020-07-29 20:30:16] main.INFO: Cron Job bulk_cleanup is run [] []
[2020-07-29 20:30:16] main.INFO: Cron Job bulk_cleanup is successfully finished. Statistics: {"sum":0.00076198577880859,"count":1,"realmem":0,"emalloc":5744,"realmem_start":58982400,"emalloc_start":56442360} [] []
[2020-07-29 20:30:16] main.INFO: Cron Job magento_newrelicreporting_cron is run [] []
[2020-07-29 20:30:16] main.INFO: Cron Job magento_newrelicreporting_cron is successfully finished. Statistics: {"sum":0.00055980682373047,"count":1,"realmem":0,"emalloc":776,"realmem_start":61079552,"emalloc_start":58151008} [] []
[2020-07-29 20:30:16] main.INFO: Cron Job newsletter_send_all is run [] []
[2020-07-29 20:30:16] main.INFO: Cron Job newsletter_send_all is successfully finished. Statistics: {"sum":0.024873971939087,"count":1,"realmem":0,"emalloc":413152,"realmem_start":61079552,"emalloc_start":58168504} [] []
[2020-07-29 20:30:16] main.INFO: Cron Job get_amazon_capture_updates is run [] []
[2020-07-29 20:30:16] main.INFO: Cron Job get_amazon_capture_updates is successfully finished. Statistics: {"sum":0.0027952194213867,"count":1,"realmem":0,"emalloc":51176,"realmem_start":61079552,"emalloc_start":59403984} [] []
[2020-07-29 20:30:16] main.INFO: Cron Job get_amazon_authorization_updates is run [] []
[2020-07-29 20:30:16] main.INFO: Cron Job get_amazon_authorization_updates is successfully finished. Statistics: {"sum":0.0029480457305908,"count":1,"realmem":0,"emalloc":123336,"realmem_start":65273856,"emalloc_start":62569656} [] []
[2020-07-29 20:30:16] main.INFO: Cron Job amazon_payments_process_queued_refunds is run [] []
[2020-07-29 20:30:16] main.INFO: Cron Job amazon_payments_process_queued_refunds is successfully finished. Statistics: {"sum":0.0082180500030518,"count":1,"realmem":0,"emalloc":151272,"realmem_start":65273856,"emalloc_start":62725120} [] []
[2020-07-29 20:30:17] main.INFO: Cron Job indexer_reindex_all_invalid is run [] []
[2020-07-29 20:30:17] main.INFO: Cron Job yotpo_yotpo_orders_sync is run [] []
[2020-07-29 20:30:17] main.INFO: Cron Job scconnector_retrieve_gtag is run [] []
[2020-07-29 20:30:17] main.INFO: Cron Job scconnector_retrieve_gtag is successfully finished. Statistics: {"sum":0.0014450550079346,"count":1,"realmem":0,"emalloc":70720,"realmem_start":54788096,"emalloc_start":50017472} [] []
[2020-07-29 20:30:17] main.INFO: Cron Job scconnector_verify_website is run [] []
[2020-07-29 20:30:17] main.INFO: Cron Job scconnector_verify_website is successfully finished. Statistics: {"sum":0.00053215026855469,"count":1,"realmem":0,"emalloc":752,"realmem_start":54788096,"emalloc_start":50117536} [] []
[2020-07-29 20:30:17] main.INFO: Cron Job yotpo_yotpo_orders_sync is successfully finished. Statistics: {"sum":0.1217348575592,"count":1,"realmem":0,"emalloc":435168,"realmem_start":54788096,"emalloc_start":49879448} [] []
[2020-07-29 20:30:17] main.INFO: Cron Job ddg_automation_abandonedcarts is run [] []
[2020-07-29 20:30:17] main.INFO: Cron Job ddg_automation_abandonedcarts is successfully finished. Statistics: {"sum":0.037910938262939,"count":1,"realmem":2097152,"emalloc":768856,"realmem_start":61079552,"emalloc_start":59402464} [] []
[2020-07-29 20:30:17] main.INFO: Cron Job ddg_automation_campaign is run [] []
[2020-07-29 20:30:17] main.INFO: Cron Job ddg_automation_campaign is successfully finished. Statistics: {"sum":0.035819053649902,"count":1,"realmem":0,"emalloc":488448,"realmem_start":63176704,"emalloc_start":60171760} [] []
[2020-07-29 20:30:17] main.INFO: Cron Job ddg_automation_catalog_sync is run [] []
[2020-07-29 20:30:17] main.INFO: Cron Job ddg_automation_catalog_sync is successfully finished. Statistics: {"sum":0.0061101913452148,"count":1,"realmem":0,"emalloc":753848,"realmem_start":63176704,"emalloc_start":60659872} [] []
[2020-07-29 20:30:17] main.INFO: Cron Job consumers_runner is run [] []
[2020-07-29 20:30:17] main.INFO: Cron Job ddg_automation_customer_subscriber_guest_sync is run [] []
[2020-07-29 20:30:17] main.INFO: Cron Job ddg_automation_customer_subscriber_guest_sync is successfully finished. Statistics: {"sum":0.019720077514648,"count":1,"realmem":0,"emalloc":215960,"realmem_start":63176704,"emalloc_start":61413400} [] []
[2020-07-29 20:30:17] main.INFO: Cron Job ddg_automation_importer is run [] []
[2020-07-29 20:30:17] main.INFO: Cron Job ddg_automation_importer is successfully finished. Statistics: {"sum":0.0057210922241211,"count":1,"realmem":0,"emalloc":188256,"realmem_start":63176704,"emalloc_start":61629104} [] []
[2020-07-29 20:30:17] main.INFO: Cron Job ddg_automation_order_sync is run [] []
[2020-07-29 20:30:18] main.INFO: Cron Job ddg_automation_order_sync is successfully finished. Statistics: {"sum":0.0954430103302,"count":1,"realmem":2097152,"emalloc":1866592,"realmem_start":63176704,"emalloc_start":61817104} [] []
[2020-07-29 20:30:18] main.INFO: Cron Job consumers_runner is successfully finished. Statistics: {"sum":0.17369198799133,"count":1,"realmem":0,"emalloc":1840,"realmem_start":63176704,"emalloc_start":60217528} [] []
[2020-07-29 20:30:18] main.INFO: Cron Job ddg_automation_reviews_and_wishlist is run [] []
[2020-07-29 20:30:18] main.INFO: Cron Job ddg_automation_reviews_and_wishlist is successfully finished. Statistics: {"sum":0.019720077514648,"count":1,"realmem":0,"emalloc":211400,"realmem_start":65273856,"emalloc_start":63683344} [] []
[2020-07-29 20:30:18] main.INFO: Cron Job ddg_automation_status is run [] []
[2020-07-29 20:30:18] main.INFO: Cron Job ddg_automation_status is successfully finished. Statistics: {"sum":0.03883695602417,"count":1,"realmem":0,"emalloc":143304,"realmem_start":65273856,"emalloc_start":63894488} [] []
[2020-07-29 20:30:20] main.INFO: Cron Job indexer_reindex_all_invalid is successfully finished. Statistics: {"sum":3.4016921520233,"count":1,"realmem":18874368,"emalloc":18824664,"realmem_start":54788096,"emalloc_start":50042856} [] []
[2020-07-29 20:30:20] main.INFO: Cron Job indexer_update_all_views is run [] []
[2020-07-29 20:30:20] main.INFO: Cron Job indexer_update_all_views is successfully finished. Statistics: {"sum":0.044524192810059,"count":1,"realmem":0,"emalloc":20960,"realmem_start":73662464,"emalloc_start":68870416} [] []
